<?xml version="1.0" encoding="UTF-8"?>
<!-- Generated by org.testng.reporters.JUnitReportReporter -->
<testsuite hostname="DESKTOP-5RN11MV" failures="1" tests="10" name="com.tutorialninja.utomation.runner.TestNGRunner" time="37.351" errors="0" timestamp="2023-01-23T10:25:31 IST" skipped="0">
  <testcase classname="com.tutorialninja.utomation.runner.TestNGRunner" name="runScenario" time="4.034"/>
  <system-out/>
  <testcase classname="com.tutorialninja.utomation.runner.TestNGRunner" name="runScenario" time="8.033"/>
  <system-out/>
  <testcase classname="com.tutorialninja.utomation.runner.TestNGRunner" name="runScenario" time="2.587"/>
  <system-out/>
  <testcase classname="com.tutorialninja.utomation.runner.TestNGRunner" name="runScenario" time="3.956"/>
  <system-out/>
  <testcase classname="com.tutorialninja.utomation.runner.TestNGRunner" name="runScenario" time="3.286">
    <failure message="expected [Warning: No match for E-Mail Address and/or Password.] but found [Warning: Your account has exceeded allowed number of login attempts. Please try again in 1 hour.]" type="java.lang.AssertionError">
      <![CDATA[java.lang.AssertionError: expected [Warning: No match for E-Mail Address and/or Password.] but found [Warning: Your account has exceeded allowed number of login attempts. Please try again in 1 hour.]
at org.testng.Assert.fail(Assert.java:99)
at org.testng.Assert.failNotEquals(Assert.java:1037)
at org.testng.Assert.assertEqualsImpl(Assert.java:140)
at org.testng.Assert.assertEquals(Assert.java:122)
at org.testng.Assert.assertEquals(Assert.java:629)
at org.testng.Assert.assertEquals(Assert.java:639)
at com.tutorialninja.stepdef.Login.i_should_see_that_the_credentials_are_invalid(Login.java:44)
at âœ½.I should see that the credentials are invalid(file:///C:/Users/sh614/eclipse-workspace/com.tutorialninja/src/test/java/features/Login.feature:15)
]]>
    </failure>
  </testcase> <!-- runScenario -->
  <system-out/>
  <testcase classname="com.tutorialninja.utomation.runner.TestNGRunner" name="runScenario" time="3.537"/>
  <system-out/>
  <testcase classname="com.tutorialninja.utomation.runner.TestNGRunner" name="runScenario" time="3.810"/>
  <system-out/>
  <testcase classname="com.tutorialninja.utomation.runner.TestNGRunner" name="runScenario" time="2.459"/>
  <system-out/>
  <testcase classname="com.tutorialninja.utomation.runner.TestNGRunner" name="runScenario" time="1.292"/>
  <system-out/>
  <testcase classname="com.tutorialninja.utomation.runner.TestNGRunner" name="runScenario" time="4.357"/>
  <system-out/>
</testsuite> <!-- com.tutorialninja.utomation.runner.TestNGRunner -->
